  pch.cpp
  ConsoleApplication7.cpp
c:\users\minseok\desktop\빅데이터 분석\텀프로젝트\covid\consoleapplication7\consoleapplication7\consoleapplication7.cpp(106): warning C4018: '<=': signed 또는 unsigned가 일치하지 않습니다.
c:\users\minseok\desktop\빅데이터 분석\텀프로젝트\covid\consoleapplication7\consoleapplication7\consoleapplication7.cpp(112): warning C4018: '<=': signed 또는 unsigned가 일치하지 않습니다.
c:\users\minseok\desktop\빅데이터 분석\텀프로젝트\covid\consoleapplication7\consoleapplication7\consoleapplication7.cpp(118): warning C4018: '<=': signed 또는 unsigned가 일치하지 않습니다.
c:\users\minseok\desktop\빅데이터 분석\텀프로젝트\covid\consoleapplication7\consoleapplication7\consoleapplication7.cpp(120): warning C4018: '<=': signed 또는 unsigned가 일치하지 않습니다.
c:\users\minseok\desktop\빅데이터 분석\텀프로젝트\covid\consoleapplication7\consoleapplication7\consoleapplication7.cpp(217): warning C4018: '<': signed 또는 unsigned가 일치하지 않습니다.
c:\users\minseok\desktop\빅데이터 분석\텀프로젝트\covid\consoleapplication7\consoleapplication7\consoleapplication7.cpp(317): warning C4018: '<': signed 또는 unsigned가 일치하지 않습니다.
c:\users\minseok\desktop\빅데이터 분석\텀프로젝트\covid\consoleapplication7\consoleapplication7\consoleapplication7.cpp(358): warning C4018: '<': signed 또는 unsigned가 일치하지 않습니다.
c:\users\minseok\desktop\빅데이터 분석\텀프로젝트\covid\consoleapplication7\consoleapplication7\consoleapplication7.cpp(364): warning C4018: '<': signed 또는 unsigned가 일치하지 않습니다.
c:\users\minseok\desktop\빅데이터 분석\텀프로젝트\covid\consoleapplication7\consoleapplication7\consoleapplication7.cpp(388): warning C4018: '<': signed 또는 unsigned가 일치하지 않습니다.
c:\users\minseok\desktop\빅데이터 분석\텀프로젝트\covid\consoleapplication7\consoleapplication7\consoleapplication7.cpp(396): warning C4018: '<': signed 또는 unsigned가 일치하지 않습니다.
c:\users\minseok\desktop\빅데이터 분석\텀프로젝트\covid\consoleapplication7\consoleapplication7\consoleapplication7.cpp(430): warning C4018: '<': signed 또는 unsigned가 일치하지 않습니다.
c:\users\minseok\desktop\빅데이터 분석\텀프로젝트\covid\consoleapplication7\consoleapplication7\consoleapplication7.cpp(446): warning C4018: '<': signed 또는 unsigned가 일치하지 않습니다.
c:\users\minseok\desktop\빅데이터 분석\텀프로젝트\covid\consoleapplication7\consoleapplication7\consoleapplication7.cpp(452): warning C4018: '<': signed 또는 unsigned가 일치하지 않습니다.
c:\users\minseok\desktop\빅데이터 분석\텀프로젝트\covid\consoleapplication7\consoleapplication7\consoleapplication7.cpp(466): warning C4018: '<': signed 또는 unsigned가 일치하지 않습니다.
c:\users\minseok\desktop\빅데이터 분석\텀프로젝트\covid\consoleapplication7\consoleapplication7\consoleapplication7.cpp(473): warning C4018: '<': signed 또는 unsigned가 일치하지 않습니다.
c:\users\minseok\desktop\빅데이터 분석\텀프로젝트\covid\consoleapplication7\consoleapplication7\consoleapplication7.cpp(488): warning C4018: '<': signed 또는 unsigned가 일치하지 않습니다.
c:\users\minseok\desktop\빅데이터 분석\텀프로젝트\covid\consoleapplication7\consoleapplication7\consoleapplication7.cpp(490): warning C4018: '<': signed 또는 unsigned가 일치하지 않습니다.
c:\users\minseok\desktop\빅데이터 분석\텀프로젝트\covid\consoleapplication7\consoleapplication7\consoleapplication7.cpp(517): warning C4244: '=': 'double'에서 'int'(으)로 변환하면서 데이터가 손실될 수 있습니다.
c:\users\minseok\desktop\빅데이터 분석\텀프로젝트\covid\consoleapplication7\consoleapplication7\consoleapplication7.cpp(531): warning C4244: '=': 'double'에서 'int'(으)로 변환하면서 데이터가 손실될 수 있습니다.
  코드를 생성하고 있습니다.
c:\users\minseok\desktop\빅데이터 분석\텀프로젝트\covid\consoleapplication7\consoleapplication7\consoleapplication7.cpp(100): warning C4715: 'csv_read_row': 모든 제어 경로에서 값을 반환하지는 않습니다.
  All 461 functions were compiled because no usable IPDB/IOBJ from previous compilation was found.
  코드를 생성했습니다.
  ConsoleApplication7.vcxproj -> C:\Users\minseok\Desktop\빅데이터 분석\텀프로젝트\COVID\ConsoleApplication7\Release\ConsoleApplication7.exe
